<?xml version="1.0" encoding="UTF-8"?>
<testsuite xmlns:xsi="http://www.w3.org/2001/XMLSchema-instance" xsi:noNamespaceSchemaLocation="https://maven.apache.org/surefire/maven-surefire-plugin/xsd/surefire-test-report-3.0.xsd" version="3.0" name="tests.Operator_ProfileTest" time="4.736" tests="1" errors="0" skipped="0" failures="0">
  <properties>
    <property name="java.specification.version" value="22"/>
    <property name="webdriver.chrome.driver" value="/Users/spoorthibhat/.cache/selenium/chromedriver/mac-arm64/137.0.7151.119/chromedriver"/>
    <property name="sun.jnu.encoding" value="UTF-8"/>
    <property name="java.class.path" value="/Users/spoorthibhat/eclipse-workspace/MSIL Dashboard/target/test-classes:/Users/spoorthibhat/eclipse-workspace/MSIL Dashboard/target/classes:/Users/spoorthibhat/.m2/repository/org/seleniumhq/selenium/selenium-java/4.33.0/selenium-java-4.33.0.jar:/Users/spoorthibhat/.m2/repository/org/seleniumhq/selenium/selenium-api/4.33.0/selenium-api-4.33.0.jar:/Users/spoorthibhat/.m2/repository/org/jspecify/jspecify/1.0.0/jspecify-1.0.0.jar:/Users/spoorthibhat/.m2/repository/org/seleniumhq/selenium/selenium-chrome-driver/4.33.0/selenium-chrome-driver-4.33.0.jar:/Users/spoorthibhat/.m2/repository/com/google/auto/service/auto-service-annotations/1.1.1/auto-service-annotations-1.1.1.jar:/Users/spoorthibhat/.m2/repository/org/seleniumhq/selenium/selenium-chromium-driver/4.33.0/selenium-chromium-driver-4.33.0.jar:/Users/spoorthibhat/.m2/repository/org/seleniumhq/selenium/selenium-json/4.33.0/selenium-json-4.33.0.jar:/Users/spoorthibhat/.m2/repository/org/seleniumhq/selenium/selenium-manager/4.33.0/selenium-manager-4.33.0.jar:/Users/spoorthibhat/.m2/repository/org/seleniumhq/selenium/selenium-devtools-v135/4.33.0/selenium-devtools-v135-4.33.0.jar:/Users/spoorthibhat/.m2/repository/org/seleniumhq/selenium/selenium-devtools-v136/4.33.0/selenium-devtools-v136-4.33.0.jar:/Users/spoorthibhat/.m2/repository/org/seleniumhq/selenium/selenium-devtools-v137/4.33.0/selenium-devtools-v137-4.33.0.jar:/Users/spoorthibhat/.m2/repository/org/seleniumhq/selenium/selenium-edge-driver/4.33.0/selenium-edge-driver-4.33.0.jar:/Users/spoorthibhat/.m2/repository/org/seleniumhq/selenium/selenium-firefox-driver/4.33.0/selenium-firefox-driver-4.33.0.jar:/Users/spoorthibhat/.m2/repository/org/seleniumhq/selenium/selenium-http/4.33.0/selenium-http-4.33.0.jar:/Users/spoorthibhat/.m2/repository/org/seleniumhq/selenium/selenium-ie-driver/4.33.0/selenium-ie-driver-4.33.0.jar:/Users/spoorthibhat/.m2/repository/org/seleniumhq/selenium/selenium-remote-driver/4.33.0/selenium-remote-driver-4.33.0.jar:/Users/spoorthibhat/.m2/repository/com/google/guava/guava/33.4.8-jre/guava-33.4.8-jre.jar:/Users/spoorthibhat/.m2/repository/com/google/guava/failureaccess/1.0.3/failureaccess-1.0.3.jar:/Users/spoorthibhat/.m2/repository/com/google/guava/listenablefuture/9999.0-empty-to-avoid-conflict-with-guava/listenablefuture-9999.0-empty-to-avoid-conflict-with-guava.jar:/Users/spoorthibhat/.m2/repository/com/google/errorprone/error_prone_annotations/2.36.0/error_prone_annotations-2.36.0.jar:/Users/spoorthibhat/.m2/repository/com/google/j2objc/j2objc-annotations/3.0.0/j2objc-annotations-3.0.0.jar:/Users/spoorthibhat/.m2/repository/io/opentelemetry/opentelemetry-api/1.50.0/opentelemetry-api-1.50.0.jar:/Users/spoorthibhat/.m2/repository/io/opentelemetry/opentelemetry-context/1.50.0/opentelemetry-context-1.50.0.jar:/Users/spoorthibhat/.m2/repository/io/opentelemetry/opentelemetry-exporter-logging/1.50.0/opentelemetry-exporter-logging-1.50.0.jar:/Users/spoorthibhat/.m2/repository/io/opentelemetry/opentelemetry-sdk-common/1.50.0/opentelemetry-sdk-common-1.50.0.jar:/Users/spoorthibhat/.m2/repository/io/opentelemetry/opentelemetry-sdk-extension-autoconfigure-spi/1.50.0/opentelemetry-sdk-extension-autoconfigure-spi-1.50.0.jar:/Users/spoorthibhat/.m2/repository/io/opentelemetry/opentelemetry-sdk-extension-autoconfigure/1.50.0/opentelemetry-sdk-extension-autoconfigure-1.50.0.jar:/Users/spoorthibhat/.m2/repository/io/opentelemetry/opentelemetry-sdk-trace/1.50.0/opentelemetry-sdk-trace-1.50.0.jar:/Users/spoorthibhat/.m2/repository/io/opentelemetry/opentelemetry-sdk/1.50.0/opentelemetry-sdk-1.50.0.jar:/Users/spoorthibhat/.m2/repository/io/opentelemetry/opentelemetry-sdk-metrics/1.50.0/opentelemetry-sdk-metrics-1.50.0.jar:/Users/spoorthibhat/.m2/repository/io/opentelemetry/opentelemetry-sdk-logs/1.50.0/opentelemetry-sdk-logs-1.50.0.jar:/Users/spoorthibhat/.m2/repository/net/bytebuddy/byte-buddy/1.17.5/byte-buddy-1.17.5.jar:/Users/spoorthibhat/.m2/repository/org/seleniumhq/selenium/selenium-os/4.33.0/selenium-os-4.33.0.jar:/Users/spoorthibhat/.m2/repository/org/apache/commons/commons-exec/1.4.0/commons-exec-1.4.0.jar:/Users/spoorthibhat/.m2/repository/org/seleniumhq/selenium/selenium-safari-driver/4.33.0/selenium-safari-driver-4.33.0.jar:/Users/spoorthibhat/.m2/repository/org/seleniumhq/selenium/selenium-support/4.33.0/selenium-support-4.33.0.jar:/Users/spoorthibhat/.m2/repository/io/github/bonigarcia/webdrivermanager/5.7.0/webdrivermanager-5.7.0.jar:/Users/spoorthibhat/.m2/repository/org/slf4j/slf4j-api/2.0.12/slf4j-api-2.0.12.jar:/Users/spoorthibhat/.m2/repository/com/google/code/gson/gson/2.10.1/gson-2.10.1.jar:/Users/spoorthibhat/.m2/repository/com/github/docker-java/docker-java/3.3.5/docker-java-3.3.5.jar:/Users/spoorthibhat/.m2/repository/com/github/docker-java/docker-java-core/3.3.5/docker-java-core-3.3.5.jar:/Users/spoorthibhat/.m2/repository/com/github/docker-java/docker-java-api/3.3.5/docker-java-api-3.3.5.jar:/Users/spoorthibhat/.m2/repository/com/fasterxml/jackson/core/jackson-annotations/2.10.3/jackson-annotations-2.10.3.jar:/Users/spoorthibhat/.m2/repository/com/fasterxml/jackson/core/jackson-databind/2.10.3/jackson-databind-2.10.3.jar:/Users/spoorthibhat/.m2/repository/com/fasterxml/jackson/core/jackson-core/2.10.3/jackson-core-2.10.3.jar:/Users/spoorthibhat/.m2/repository/org/bouncycastle/bcpkix-jdk18on/1.76/bcpkix-jdk18on-1.76.jar:/Users/spoorthibhat/.m2/repository/org/bouncycastle/bcprov-jdk18on/1.76/bcprov-jdk18on-1.76.jar:/Users/spoorthibhat/.m2/repository/org/bouncycastle/bcutil-jdk18on/1.76/bcutil-jdk18on-1.76.jar:/Users/spoorthibhat/.m2/repository/org/slf4j/jcl-over-slf4j/1.7.30/jcl-over-slf4j-1.7.30.jar:/Users/spoorthibhat/.m2/repository/com/github/docker-java/docker-java-transport-httpclient5/3.3.5/docker-java-transport-httpclient5-3.3.5.jar:/Users/spoorthibhat/.m2/repository/com/github/docker-java/docker-java-transport/3.3.5/docker-java-transport-3.3.5.jar:/Users/spoorthibhat/.m2/repository/net/java/dev/jna/jna/5.13.0/jna-5.13.0.jar:/Users/spoorthibhat/.m2/repository/org/brotli/dec/0.1.2/dec-0.1.2.jar:/Users/spoorthibhat/.m2/repository/org/apache/commons/commons-lang3/3.14.0/commons-lang3-3.14.0.jar:/Users/spoorthibhat/.m2/repository/org/apache/commons/commons-compress/1.26.0/commons-compress-1.26.0.jar:/Users/spoorthibhat/.m2/repository/commons-io/commons-io/2.15.1/commons-io-2.15.1.jar:/Users/spoorthibhat/.m2/repository/org/apache/httpcomponents/client5/httpclient5/5.2.1/httpclient5-5.2.1.jar:/Users/spoorthibhat/.m2/repository/org/apache/httpcomponents/core5/httpcore5/5.2/httpcore5-5.2.jar:/Users/spoorthibhat/.m2/repository/org/apache/httpcomponents/core5/httpcore5-h2/5.2/httpcore5-h2-5.2.jar:/Users/spoorthibhat/.m2/repository/org/testng/testng/7.10.1/testng-7.10.1.jar:/Users/spoorthibhat/.m2/repository/com/beust/jcommander/1.82/jcommander-1.82.jar:/Users/spoorthibhat/.m2/repository/org/webjars/jquery/3.7.1/jquery-3.7.1.jar:/Users/spoorthibhat/.m2/repository/junit/junit/3.8.1/junit-3.8.1.jar:"/>
    <property name="java.vm.vendor" value="Oracle Corporation"/>
    <property name="sun.arch.data.model" value="64"/>
    <property name="java.vendor.url" value="https://java.oracle.com/"/>
    <property name="user.timezone" value="Asia/Kolkata"/>
    <property name="os.name" value="Mac OS X"/>
    <property name="java.vm.specification.version" value="22"/>
    <property name="sun.java.launcher" value="SUN_STANDARD"/>
    <property name="user.country" value="IN"/>
    <property name="sun.boot.library.path" value="/Library/Java/JavaVirtualMachines/jdk-22.jdk/Contents/Home/lib"/>
    <property name="sun.java.command" value="/Users/spoorthibhat/eclipse-workspace/MSIL Dashboard/target/surefire/surefirebooter-20250627162008872_3.jar /Users/spoorthibhat/eclipse-workspace/MSIL Dashboard/target/surefire 2025-06-27T16-20-08_809-jvmRun1 surefire-20250627162008872_1tmp surefire_0-20250627162008872_2tmp"/>
    <property name="http.nonProxyHosts" value="local|*.local|169.254/16|*.169.254/16"/>
    <property name="jdk.debug" value="release"/>
    <property name="test" value="Operator_ProfileTest"/>
    <property name="surefire.test.class.path" value="/Users/spoorthibhat/eclipse-workspace/MSIL Dashboard/target/test-classes:/Users/spoorthibhat/eclipse-workspace/MSIL Dashboard/target/classes:/Users/spoorthibhat/.m2/repository/org/seleniumhq/selenium/selenium-java/4.33.0/selenium-java-4.33.0.jar:/Users/spoorthibhat/.m2/repository/org/seleniumhq/selenium/selenium-api/4.33.0/selenium-api-4.33.0.jar:/Users/spoorthibhat/.m2/repository/org/jspecify/jspecify/1.0.0/jspecify-1.0.0.jar:/Users/spoorthibhat/.m2/repository/org/seleniumhq/selenium/selenium-chrome-driver/4.33.0/selenium-chrome-driver-4.33.0.jar:/Users/spoorthibhat/.m2/repository/com/google/auto/service/auto-service-annotations/1.1.1/auto-service-annotations-1.1.1.jar:/Users/spoorthibhat/.m2/repository/org/seleniumhq/selenium/selenium-chromium-driver/4.33.0/selenium-chromium-driver-4.33.0.jar:/Users/spoorthibhat/.m2/repository/org/seleniumhq/selenium/selenium-json/4.33.0/selenium-json-4.33.0.jar:/Users/spoorthibhat/.m2/repository/org/seleniumhq/selenium/selenium-manager/4.33.0/selenium-manager-4.33.0.jar:/Users/spoorthibhat/.m2/repository/org/seleniumhq/selenium/selenium-devtools-v135/4.33.0/selenium-devtools-v135-4.33.0.jar:/Users/spoorthibhat/.m2/repository/org/seleniumhq/selenium/selenium-devtools-v136/4.33.0/selenium-devtools-v136-4.33.0.jar:/Users/spoorthibhat/.m2/repository/org/seleniumhq/selenium/selenium-devtools-v137/4.33.0/selenium-devtools-v137-4.33.0.jar:/Users/spoorthibhat/.m2/repository/org/seleniumhq/selenium/selenium-edge-driver/4.33.0/selenium-edge-driver-4.33.0.jar:/Users/spoorthibhat/.m2/repository/org/seleniumhq/selenium/selenium-firefox-driver/4.33.0/selenium-firefox-driver-4.33.0.jar:/Users/spoorthibhat/.m2/repository/org/seleniumhq/selenium/selenium-http/4.33.0/selenium-http-4.33.0.jar:/Users/spoorthibhat/.m2/repository/org/seleniumhq/selenium/selenium-ie-driver/4.33.0/selenium-ie-driver-4.33.0.jar:/Users/spoorthibhat/.m2/repository/org/seleniumhq/selenium/selenium-remote-driver/4.33.0/selenium-remote-driver-4.33.0.jar:/Users/spoorthibhat/.m2/repository/com/google/guava/guava/33.4.8-jre/guava-33.4.8-jre.jar:/Users/spoorthibhat/.m2/repository/com/google/guava/failureaccess/1.0.3/failureaccess-1.0.3.jar:/Users/spoorthibhat/.m2/repository/com/google/guava/listenablefuture/9999.0-empty-to-avoid-conflict-with-guava/listenablefuture-9999.0-empty-to-avoid-conflict-with-guava.jar:/Users/spoorthibhat/.m2/repository/com/google/errorprone/error_prone_annotations/2.36.0/error_prone_annotations-2.36.0.jar:/Users/spoorthibhat/.m2/repository/com/google/j2objc/j2objc-annotations/3.0.0/j2objc-annotations-3.0.0.jar:/Users/spoorthibhat/.m2/repository/io/opentelemetry/opentelemetry-api/1.50.0/opentelemetry-api-1.50.0.jar:/Users/spoorthibhat/.m2/repository/io/opentelemetry/opentelemetry-context/1.50.0/opentelemetry-context-1.50.0.jar:/Users/spoorthibhat/.m2/repository/io/opentelemetry/opentelemetry-exporter-logging/1.50.0/opentelemetry-exporter-logging-1.50.0.jar:/Users/spoorthibhat/.m2/repository/io/opentelemetry/opentelemetry-sdk-common/1.50.0/opentelemetry-sdk-common-1.50.0.jar:/Users/spoorthibhat/.m2/repository/io/opentelemetry/opentelemetry-sdk-extension-autoconfigure-spi/1.50.0/opentelemetry-sdk-extension-autoconfigure-spi-1.50.0.jar:/Users/spoorthibhat/.m2/repository/io/opentelemetry/opentelemetry-sdk-extension-autoconfigure/1.50.0/opentelemetry-sdk-extension-autoconfigure-1.50.0.jar:/Users/spoorthibhat/.m2/repository/io/opentelemetry/opentelemetry-sdk-trace/1.50.0/opentelemetry-sdk-trace-1.50.0.jar:/Users/spoorthibhat/.m2/repository/io/opentelemetry/opentelemetry-sdk/1.50.0/opentelemetry-sdk-1.50.0.jar:/Users/spoorthibhat/.m2/repository/io/opentelemetry/opentelemetry-sdk-metrics/1.50.0/opentelemetry-sdk-metrics-1.50.0.jar:/Users/spoorthibhat/.m2/repository/io/opentelemetry/opentelemetry-sdk-logs/1.50.0/opentelemetry-sdk-logs-1.50.0.jar:/Users/spoorthibhat/.m2/repository/net/bytebuddy/byte-buddy/1.17.5/byte-buddy-1.17.5.jar:/Users/spoorthibhat/.m2/repository/org/seleniumhq/selenium/selenium-os/4.33.0/selenium-os-4.33.0.jar:/Users/spoorthibhat/.m2/repository/org/apache/commons/commons-exec/1.4.0/commons-exec-1.4.0.jar:/Users/spoorthibhat/.m2/repository/org/seleniumhq/selenium/selenium-safari-driver/4.33.0/selenium-safari-driver-4.33.0.jar:/Users/spoorthibhat/.m2/repository/org/seleniumhq/selenium/selenium-support/4.33.0/selenium-support-4.33.0.jar:/Users/spoorthibhat/.m2/repository/io/github/bonigarcia/webdrivermanager/5.7.0/webdrivermanager-5.7.0.jar:/Users/spoorthibhat/.m2/repository/org/slf4j/slf4j-api/2.0.12/slf4j-api-2.0.12.jar:/Users/spoorthibhat/.m2/repository/com/google/code/gson/gson/2.10.1/gson-2.10.1.jar:/Users/spoorthibhat/.m2/repository/com/github/docker-java/docker-java/3.3.5/docker-java-3.3.5.jar:/Users/spoorthibhat/.m2/repository/com/github/docker-java/docker-java-core/3.3.5/docker-java-core-3.3.5.jar:/Users/spoorthibhat/.m2/repository/com/github/docker-java/docker-java-api/3.3.5/docker-java-api-3.3.5.jar:/Users/spoorthibhat/.m2/repository/com/fasterxml/jackson/core/jackson-annotations/2.10.3/jackson-annotations-2.10.3.jar:/Users/spoorthibhat/.m2/repository/com/fasterxml/jackson/core/jackson-databind/2.10.3/jackson-databind-2.10.3.jar:/Users/spoorthibhat/.m2/repository/com/fasterxml/jackson/core/jackson-core/2.10.3/jackson-core-2.10.3.jar:/Users/spoorthibhat/.m2/repository/org/bouncycastle/bcpkix-jdk18on/1.76/bcpkix-jdk18on-1.76.jar:/Users/spoorthibhat/.m2/repository/org/bouncycastle/bcprov-jdk18on/1.76/bcprov-jdk18on-1.76.jar:/Users/spoorthibhat/.m2/repository/org/bouncycastle/bcutil-jdk18on/1.76/bcutil-jdk18on-1.76.jar:/Users/spoorthibhat/.m2/repository/org/slf4j/jcl-over-slf4j/1.7.30/jcl-over-slf4j-1.7.30.jar:/Users/spoorthibhat/.m2/repository/com/github/docker-java/docker-java-transport-httpclient5/3.3.5/docker-java-transport-httpclient5-3.3.5.jar:/Users/spoorthibhat/.m2/repository/com/github/docker-java/docker-java-transport/3.3.5/docker-java-transport-3.3.5.jar:/Users/spoorthibhat/.m2/repository/net/java/dev/jna/jna/5.13.0/jna-5.13.0.jar:/Users/spoorthibhat/.m2/repository/org/brotli/dec/0.1.2/dec-0.1.2.jar:/Users/spoorthibhat/.m2/repository/org/apache/commons/commons-lang3/3.14.0/commons-lang3-3.14.0.jar:/Users/spoorthibhat/.m2/repository/org/apache/commons/commons-compress/1.26.0/commons-compress-1.26.0.jar:/Users/spoorthibhat/.m2/repository/commons-io/commons-io/2.15.1/commons-io-2.15.1.jar:/Users/spoorthibhat/.m2/repository/org/apache/httpcomponents/client5/httpclient5/5.2.1/httpclient5-5.2.1.jar:/Users/spoorthibhat/.m2/repository/org/apache/httpcomponents/core5/httpcore5/5.2/httpcore5-5.2.jar:/Users/spoorthibhat/.m2/repository/org/apache/httpcomponents/core5/httpcore5-h2/5.2/httpcore5-h2-5.2.jar:/Users/spoorthibhat/.m2/repository/org/testng/testng/7.10.1/testng-7.10.1.jar:/Users/spoorthibhat/.m2/repository/com/beust/jcommander/1.82/jcommander-1.82.jar:/Users/spoorthibhat/.m2/repository/org/webjars/jquery/3.7.1/jquery-3.7.1.jar:/Users/spoorthibhat/.m2/repository/junit/junit/3.8.1/junit-3.8.1.jar:"/>
    <property name="sun.cpu.endian" value="little"/>
    <property name="user.home" value="/Users/spoorthibhat"/>
    <property name="user.language" value="en"/>
    <property name="java.specification.vendor" value="Oracle Corporation"/>
    <property name="java.version.date" value="2024-04-16"/>
    <property name="java.home" value="/Library/Java/JavaVirtualMachines/jdk-22.jdk/Contents/Home"/>
    <property name="file.separator" value="/"/>
    <property name="basedir" value="/Users/spoorthibhat/eclipse-workspace/MSIL Dashboard"/>
    <property name="java.vm.compressedOopsMode" value="Zero based"/>
    <property name="line.separator" value="&#10;"/>
    <property name="java.vm.specification.vendor" value="Oracle Corporation"/>
    <property name="java.specification.name" value="Java Platform API Specification"/>
    <property name="apple.awt.application.name" value="ForkedBooter"/>
    <property name="surefire.real.class.path" value="/Users/spoorthibhat/eclipse-workspace/MSIL Dashboard/target/surefire/surefirebooter-20250627162008872_3.jar"/>
    <property name="sun.management.compiler" value="HotSpot 64-Bit Tiered Compilers"/>
    <property name="ftp.nonProxyHosts" value="local|*.local|169.254/16|*.169.254/16"/>
    <property name="java.runtime.version" value="22.0.1+8-16"/>
    <property name="user.name" value="spoorthibhat"/>
    <property name="stdout.encoding" value="UTF-8"/>
    <property name="path.separator" value=":"/>
    <property name="os.version" value="14.3"/>
    <property name="java.runtime.name" value="Java(TM) SE Runtime Environment"/>
    <property name="file.encoding" value="UTF-8"/>
    <property name="browser" value="chrome"/>
    <property name="java.vm.name" value="Java HotSpot(TM) 64-Bit Server VM"/>
    <property name="localRepository" value="/Users/spoorthibhat/.m2/repository"/>
    <property name="java.vendor.url.bug" value="https://bugreport.java.com/bugreport/"/>
    <property name="java.io.tmpdir" value="/var/folders/fl/q5bqwqh57yz7fb4qmldryb740000gn/T/"/>
    <property name="java.version" value="22.0.1"/>
    <property name="user.dir" value="/Users/spoorthibhat/eclipse-workspace/MSIL Dashboard"/>
    <property name="os.arch" value="aarch64"/>
    <property name="java.vm.specification.name" value="Java Virtual Machine Specification"/>
    <property name="native.encoding" value="UTF-8"/>
    <property name="java.library.path" value="/Users/spoorthibhat/Library/Java/Extensions:/Library/Java/Extensions:/Network/Library/Java/Extensions:/System/Library/Java/Extensions:/usr/lib/java:."/>
    <property name="java.vm.info" value="mixed mode, sharing"/>
    <property name="stderr.encoding" value="UTF-8"/>
    <property name="java.vendor" value="Oracle Corporation"/>
    <property name="java.vm.version" value="22.0.1+8-16"/>
    <property name="sun.io.unicode.encoding" value="UnicodeBig"/>
    <property name="socksNonProxyHosts" value="local|*.local|169.254/16|*.169.254/16"/>
    <property name="java.class.version" value="66.0"/>
  </properties>
  <testcase name="testProfileDetailsScreen_OP_TC_187" classname="tests.Operator_ProfileTest" time="1.378">
    <system-out><![CDATA[Operator Name: Spoorthi P ...
Operator Mobile: 7811111112
Operator Email: gtcsdmspoorthipbhat13@gmail.cyteyu
]]></system-out>
    <system-err><![CDATA[SLF4J(W): No SLF4J providers were found.
SLF4J(W): Defaulting to no-operation (NOP) logger implementation
SLF4J(W): See https://www.slf4j.org/codes.html#noProviders for further details.
]]></system-err>
  </testcase>
</testsuite>