<?xml version="1.0" encoding="UTF-8"?>
<!-- Generated by org.testng.reporters.JUnitReportReporter -->
<testsuite hostname="vinodkumar-MacBookPro" failures="0" tests="1" name="tests.DriverRegistrationTest" time="72.133" errors="0" timestamp="2025-07-01T21:19:20 IST" skipped="0">
  <testcase classname="tests.DriverRegistrationTest" name="testDriverRegistration" time="72.133"/>
</testsuite> <!-- tests.DriverRegistrationTest -->
