<?xml version="1.0" encoding="UTF-8"?>
<!-- Generated by org.testng.reporters.JUnitReportReporter -->
<testsuite hostname="Spoorthis-Laptop.local" failures="0" tests="1" name="tests.Operator_ProfileTest" time="4.465" errors="0" timestamp="2025-06-27T16:20:13 IST" skipped="0">
  <testcase classname="tests.Operator_ProfileTest" name="testProfileDetailsScreen_OP_TC_187" time="4.465"/>
</testsuite> <!-- tests.Operator_ProfileTest -->
